============================= test session starts ==============================
platform linux -- Python 3.14.6, pytest-9.1.1, pluggy-1.6.0 -- /usr/bin/python3.14
cachedir: .pytest_cache
rootdir: /home/ae379e4c/Desktop/workshop/coding-workshop-participant/backend
collecting ... collected 73 items

tests/test_allocations.py::test_resource_id_required PASSED              [  1%]
tests/test_allocations.py::test_project_id_required PASSED               [  2%]
tests/test_allocations.py::test_percentage_required PASSED               [  4%]
tests/test_allocations.py::test_percentage_zero_invalid PASSED           [  5%]
tests/test_allocations.py::test_percentage_over_100_invalid PASSED       [  6%]
tests/test_allocations.py::test_percentage_100_valid PASSED              [  8%]
tests/test_allocations.py::test_percentage_1_valid PASSED                [  9%]
tests/test_allocations.py::test_percentage_50_valid PASSED               [ 10%]
tests/test_allocations.py::test_end_date_before_start_date PASSED        [ 12%]
tests/test_allocations.py::test_valid_dates PASSED                       [ 13%]
tests/test_allocations.py::test_partial_skips_required PASSED            [ 15%]
tests/test_allocations.py::test_partial_validates_percentage PASSED      [ 16%]
tests/test_allocations.py::test_non_numeric_percentage PASSED            [ 17%]
tests/test_allocations.py::test_get_id_from_path PASSED                  [ 19%]
tests/test_auth.py::test_encode_returns_string PASSED                    [ 20%]
tests/test_auth.py::test_decode_correct_payload PASSED                   [ 21%]
tests/test_auth.py::test_sub_is_string PASSED                            [ 23%]
tests/test_auth.py::test_invalid_token_raises PASSED                     [ 24%]
tests/test_auth.py::test_get_token_bearer PASSED                         [ 26%]
tests/test_auth.py::test_get_token_missing PASSED                        [ 27%]
tests/test_auth.py::test_role_hierarchy PASSED                           [ 28%]
tests/test_auth.py::test_require_auth_no_token PASSED                    [ 30%]
tests/test_auth.py::test_require_auth_insufficient_role PASSED           [ 31%]
tests/test_auth.py::test_require_auth_sufficient_role PASSED             [ 32%]
tests/test_auth.py::test_response_format PASSED                          [ 34%]
tests/test_auth.py::test_response_error PASSED                           [ 35%]
tests/test_auth_service.py::test_validate_email_empty PASSED             [ 36%]
tests/test_auth_service.py::test_validate_email_invalid_format PASSED    [ 38%]
tests/test_auth_service.py::test_validate_email_no_domain PASSED         [ 39%]
tests/test_auth_service.py::test_validate_email_valid PASSED             [ 41%]
tests/test_auth_service.py::test_validate_email_valid_subdomain PASSED   [ 42%]
tests/test_auth_service.py::test_validate_password_too_short PASSED      [ 43%]
tests/test_auth_service.py::test_validate_password_no_uppercase PASSED   [ 45%]
tests/test_auth_service.py::test_validate_password_no_digit PASSED       [ 46%]
tests/test_auth_service.py::test_validate_password_strong PASSED         [ 47%]
tests/test_auth_service.py::test_validate_password_minimum_valid PASSED  [ 49%]
tests/test_deliverables.py::test_circular_self PASSED                    [ 50%]
tests/test_deliverables.py::test_circular_direct PASSED                  [ 52%]
tests/test_deliverables.py::test_circular_three_chain PASSED             [ 53%]
tests/test_deliverables.py::test_no_circular_independent PASSED          [ 54%]
tests/test_deliverables.py::test_title_required PASSED                   [ 56%]
tests/test_deliverables.py::test_project_id_required PASSED              [ 57%]
tests/test_deliverables.py::test_valid_deliverable PASSED                [ 58%]
tests/test_deliverables.py::test_invalid_status PASSED                   [ 60%]
tests/test_deliverables.py::test_valid_statuses PASSED                   [ 61%]
tests/test_deliverables.py::test_partial_skips_required PASSED           [ 63%]
tests/test_deliverables.py::test_title_too_long PASSED                   [ 64%]
tests/test_deliverables.py::test_get_id_from_path PASSED                 [ 65%]
tests/test_projects.py::test_name_required PASSED                        [ 67%]
tests/test_projects.py::test_name_too_long PASSED                        [ 68%]
tests/test_projects.py::test_valid_statuses PASSED                       [ 69%]
tests/test_projects.py::test_invalid_status PASSED                       [ 71%]
tests/test_projects.py::test_end_date_before_start_date PASSED           [ 72%]
tests/test_projects.py::test_valid_date_range PASSED                     [ 73%]
tests/test_projects.py::test_negative_budget_planned PASSED              [ 75%]
tests/test_projects.py::test_zero_budget_valid PASSED                    [ 76%]
tests/test_projects.py::test_partial_skips_name PASSED                   [ 78%]
tests/test_projects.py::test_partial_still_validates_status PASSED       [ 79%]
tests/test_projects.py::test_path_id_extraction PASSED                   [ 80%]
tests/test_resources.py::test_name_required PASSED                       [ 82%]
tests/test_resources.py::test_name_too_long PASSED                       [ 83%]
tests/test_resources.py::test_valid_name PASSED                          [ 84%]
tests/test_resources.py::test_valid_with_all_fields PASSED               [ 86%]
tests/test_resources.py::test_partial_skips_name PASSED                  [ 87%]
tests/test_resources.py::test_eligible_users_path_detection PASSED       [ 89%]
tests/test_resources.py::test_get_id_from_path_numeric PASSED            [ 90%]
tests/test_resources.py::test_get_id_from_path_eligible_users PASSED     [ 91%]
tests/test_resources.py::test_get_id_from_path_no_id PASSED              [ 93%]
tests/test_users.py::test_get_id_from_path_valid PASSED                  [ 94%]
tests/test_users.py::test_get_id_from_path_none PASSED                   [ 95%]
tests/test_users.py::test_list_users_rejects_viewer PASSED               [ 97%]
tests/test_users.py::test_list_users_allows_admin PASSED                 [ 98%]
tests/test_users.py::test_delete_user_self_protection PASSED             [100%]

============================== 73 passed in 1.32s ==============================
